project2_Solution_color/build/outputs/apk/manifest-merger-debug-report.txt
-- Merging decision tree log ---
manifest
ADDED from AndroidManifest.xml:2:1
	package
		ADDED from AndroidManifest.xml:3:5
		INJECTED from AndroidManifest.xml:0:0
		INJECTED from AndroidManifest.xml:0:0
	android:versionName
		ADDED from AndroidManifest.xml:5:5
	android:versionCode
		ADDED from AndroidManifest.xml:4:5
		INJECTED from AndroidManifest.xml:0:0
		INJECTED from AndroidManifest.xml:0:0
	xmlns:android
		ADDED from AndroidManifest.xml:2:11
uses-permission#android.permission.WRITE_EXTERNAL_STORAGE
ADDED from AndroidManifest.xml:8:5
MERGED from P2_skel:bitmap_utilities:unspecified:11:5
	android:name
		ADDED from AndroidManifest.xml:8:22
uses-permission#android.permission.READ_EXTERNAL_STORAGE
ADDED from AndroidManifest.xml:9:5
MERGED from P2_skel:bitmap_utilities:unspecified:12:5
	android:name
		ADDED from AndroidManifest.xml:9:22
application
ADDED from AndroidManifest.xml:12:5
MERGED from P2_skel:bitmap_utilities:unspecified:18:5
MERGED from com.android.support:appcompat-v7:23.4.0:25:5
MERGED from com.android.support:animated-vector-drawable:23.4.0:7:5
MERGED from com.android.support:support-vector-drawable:23.4.0:7:5
MERGED from com.android.support:support-v4:23.4.0:22:5
MERGED from com.android.support:support-v4:23.4.0:22:5
MERGED from com.android.support:support-vector-drawable:23.4.0:7:5
MERGED from com.android.support:support-v4:23.4.0:22:5
MERGED from com.android.support:appcompat-v7:23.4.0:25:5
MERGED from com.android.support:animated-vector-drawable:23.4.0:7:5
MERGED from com.android.support:support-vector-drawable:23.4.0:7:5
MERGED from com.android.support:support-v4:23.4.0:22:5
MERGED from com.android.support:support-v4:23.4.0:22:5
MERGED from com.android.support:support-vector-drawable:23.4.0:7:5
MERGED from com.android.support:support-v4:23.4.0:22:5
	android:screenOrientation
		ADDED from P2_skel:bitmap_utilities:unspecified:21:9
	android:label
		ADDED from AndroidManifest.xml:15:9
	android:allowBackup
		ADDED from AndroidManifest.xml:13:9
	android:icon
		ADDED from AndroidManifest.xml:14:9
	android:theme
		ADDED from AndroidManifest.xml:16:9
provider#android.support.v4.content.FileProvider
ADDED from AndroidManifest.xml:17:9
MERGED from P2_skel:bitmap_utilities:unspecified:23:9
	android:authorities
		ADDED from AndroidManifest.xml:19:13
	android:grantUriPermissions
		ADDED from AndroidManifest.xml:21:13
	android:exported
		ADDED from AndroidManifest.xml:20:13
	android:name
		ADDED from AndroidManifest.xml:18:13
meta-data#android.support.FILE_PROVIDER_PATHS
ADDED from AndroidManifest.xml:22:13
MERGED from P2_skel:bitmap_utilities:unspecified:28:13
	android:resource
		ADDED from AndroidManifest.xml:24:17
	android:name
		ADDED from AndroidManifest.xml:23:17
activity#com.example.solution_color.SettingsActivity
ADDED from AndroidManifest.xml:26:9
	android:name
		ADDED from AndroidManifest.xml:26:19
activity#com.example.solution_color.MainActivity
ADDED from AndroidManifest.xml:27:9
	android:label
		ADDED from AndroidManifest.xml:30:13
	android:configChanges
		ADDED from AndroidManifest.xml:29:13
	android:name
		ADDED from AndroidManifest.xml:28:13
intent-filter#android.intent.action.MAIN+android.intent.category.LAUNCHER
ADDED from AndroidManifest.xml:37:13
action#android.intent.action.MAIN
ADDED from AndroidManifest.xml:38:17
	android:name
		ADDED from AndroidManifest.xml:38:25
category#android.intent.category.LAUNCHER
ADDED from AndroidManifest.xml:40:17
	android:name
		ADDED from AndroidManifest.xml:40:27
uses-sdk
INJECTED from AndroidManifest.xml:0:0 reason: use-sdk injection requested
MERGED from P2_skel:bitmap_utilities:unspecified:7:5
MERGED from com.android.support:appcompat-v7:23.4.0:21:5
MERGED from com.android.support:animated-vector-drawable:23.4.0:5:5
MERGED from com.android.support:support-vector-drawable:23.4.0:5:5
MERGED from com.android.support:support-v4:23.4.0:20:5
MERGED from com.android.support:support-v4:23.4.0:20:5
MERGED from com.android.support:support-vector-drawable:23.4.0:5:5
MERGED from com.android.support:support-v4:23.4.0:20:5
MERGED from com.android.support:appcompat-v7:23.4.0:21:5
MERGED from com.android.support:animated-vector-drawable:23.4.0:5:5
MERGED from com.android.support:support-vector-drawable:23.4.0:5:5
MERGED from com.android.support:support-v4:23.4.0:20:5
MERGED from com.android.support:support-v4:23.4.0:20:5
MERGED from com.android.support:support-vector-drawable:23.4.0:5:5
MERGED from com.android.support:support-v4:23.4.0:20:5
	tools:overrideLibrary
		ADDED from com.android.support:appcompat-v7:23.4.0:23:9
	android:targetSdkVersion
		INJECTED from AndroidManifest.xml:0:0
		INJECTED from AndroidManifest.xml:0:0
	android:minSdkVersion
		INJECTED from AndroidManifest.xml:0:0
		INJECTED from AndroidManifest.xml:0:0
uses-feature#android.hardware.camera
ADDED from P2_skel:bitmap_utilities:unspecified:14:5
	android:required
		ADDED from P2_skel:bitmap_utilities:unspecified:16:9
	android:name
		ADDED from P2_skel:bitmap_utilities:unspecified:15:9